<?xml version="1.0" encoding="UTF-8"?>
<coverage generated="1724262083385" clover="3.2.0">
  <project timestamp="1724262083385" name="All files">
    <metrics statements="17" coveredstatements="9" conditionals="14" coveredconditionals="0" methods="7" coveredmethods="1" elements="38" coveredelements="10" complexity="0" loc="17" ncloc="17" packages="1" files="1" classes="1"/>
    <file name="functions.ts" path="C:\Users\Guilherme\VSCodeProjects\fullcycle-sonar-cloud-practice\src\functions.ts">
      <metrics statements="17" coveredstatements="9" conditionals="14" coveredconditionals="0" methods="7" coveredmethods="1"/>
      <line num="1" count="1" type="stmt"/>
      <line num="2" count="1" type="stmt"/>
      <line num="5" count="1" type="stmt"/>
      <line num="6" count="0" type="stmt"/>
      <line num="9" count="1" type="stmt"/>
      <line num="10" count="0" type="cond" truecount="0" falsecount="2"/>
      <line num="13" count="1" type="stmt"/>
      <line num="15" count="1" type="stmt"/>
      <line num="16" count="0" type="stmt"/>
      <line num="19" count="1" type="stmt"/>
      <line num="21" count="1" type="stmt"/>
      <line num="22" count="0" type="cond" truecount="0" falsecount="3"/>
      <line num="23" count="0" type="cond" truecount="0" falsecount="3"/>
      <line num="24" count="0" type="cond" truecount="0" falsecount="3"/>
      <line num="25" count="0" type="cond" truecount="0" falsecount="3"/>
      <line num="27" count="0" type="stmt"/>
      <line num="30" count="1" type="stmt"/>
    </file>
  </project>
</coverage>
