<?xml version="1.0" encoding="UTF-8"?>
<coverage generated="1724266493190" clover="3.2.0">
  <project timestamp="1724266493190" name="All files">
    <metrics statements="20" coveredstatements="17" conditionals="14" coveredconditionals="14" methods="7" coveredmethods="4" elements="41" coveredelements="35" complexity="0" loc="20" ncloc="20" packages="1" files="2" classes="2"/>
    <file name="functions.ts" path="C:\Users\Guilherme\VSCodeProjects\fullcycle-sonar-cloud-practice\src\functions.ts">
      <metrics statements="19" coveredstatements="16" conditionals="14" coveredconditionals="14" methods="7" coveredmethods="4"/>
      <line num="1" count="1" type="stmt"/>
      <line num="2" count="1" type="stmt"/>
      <line num="5" count="1" type="stmt"/>
      <line num="6" count="1" type="stmt"/>
      <line num="9" count="1" type="stmt"/>
      <line num="10" count="12" type="cond" truecount="2" falsecount="0"/>
      <line num="13" count="1" type="stmt"/>
      <line num="14" count="417" type="cond" truecount="3" falsecount="0"/>
      <line num="15" count="416" type="cond" truecount="3" falsecount="0"/>
      <line num="16" count="415" type="cond" truecount="3" falsecount="0"/>
      <line num="17" count="414" type="cond" truecount="3" falsecount="0"/>
      <line num="19" count="413" type="stmt"/>
      <line num="22" count="1" type="stmt"/>
      <line num="23" count="0" type="stmt"/>
      <line num="26" count="1" type="stmt"/>
      <line num="27" count="0" type="stmt"/>
      <line num="30" count="1" type="stmt"/>
      <line num="31" count="0" type="stmt"/>
      <line num="34" count="1" type="stmt"/>
    </file>
    <file name="utils.ts" path="C:\Users\Guilherme\VSCodeProjects\fullcycle-sonar-cloud-practice\src\utils.ts">
      <metrics statements="1" coveredstatements="1" conditionals="0" coveredconditionals="0" methods="0" coveredmethods="0"/>
      <line num="1" count="1" type="stmt"/>
    </file>
  </project>
</coverage>
