{"C:\\Users\\Guilherme\\VSCodeProjects\\fullcycle-sonar-cloud-practice\\src\\functions.ts": {"path":"C:\\Users\\Guilherme\\VSCodeProjects\\fullcycle-sonar-cloud-practice\\src\\functions.ts","statementMap":{"0":{"start":{"line":1,"column":12},"end":{"line":3,"column":1}},"1":{"start":{"line":2,"column":2},"end":{"line":2,"column":15}},"2":{"start":{"line":30,"column":9},"end":{"line":30,"column":12}},"3":{"start":{"line":5,"column":15},"end":{"line":7,"column":1}},"4":{"start":{"line":6,"column":2},"end":{"line":6,"column":15}},"5":{"start":{"line":30,"column":14},"end":{"line":30,"column":20}},"6":{"start":{"line":9,"column":18},"end":{"line":11,"column":1}},"7":{"start":{"line":10,"column":2},"end":{"line":10,"column":46}},"8":{"start":{"line":30,"column":22},"end":{"line":30,"column":31}},"9":{"start":{"line":13,"column":17},"end":{"line":13,"column":56}},"10":{"start":{"line":13,"column":51},"end":{"line":13,"column":56}},"11":{"start":{"line":30,"column":42},"end":{"line":30,"column":50}},"12":{"start":{"line":15,"column":14},"end":{"line":17,"column":1}},"13":{"start":{"line":16,"column":2},"end":{"line":16,"column":26}},"14":{"start":{"line":30,"column":52},"end":{"line":30,"column":57}},"15":{"start":{"line":19,"column":17},"end":{"line":19,"column":56}},"16":{"start":{"line":19,"column":51},"end":{"line":19,"column":56}},"17":{"start":{"line":30,"column":59},"end":{"line":30,"column":67}},"18":{"start":{"line":21,"column":16},"end":{"line":28,"column":1}},"19":{"start":{"line":22,"column":2},"end":{"line":22,"column":43}},"20":{"start":{"line":22,"column":30},"end":{"line":22,"column":43}},"21":{"start":{"line":23,"column":2},"end":{"line":23,"column":43}},"22":{"start":{"line":23,"column":30},"end":{"line":23,"column":43}},"23":{"start":{"line":24,"column":2},"end":{"line":24,"column":43}},"24":{"start":{"line":24,"column":30},"end":{"line":24,"column":43}},"25":{"start":{"line":25,"column":2},"end":{"line":25,"column":43}},"26":{"start":{"line":25,"column":30},"end":{"line":25,"column":43}},"27":{"start":{"line":27,"column":2},"end":{"line":27,"column":14}},"28":{"start":{"line":30,"column":33},"end":{"line":30,"column":40}}},"fnMap":{"0":{"name":"(anonymous_0)","decl":{"start":{"line":1,"column":12},"end":{"line":1,"column":13}},"loc":{"start":{"line":1,"column":45},"end":{"line":3,"column":1}}},"1":{"name":"(anonymous_1)","decl":{"start":{"line":5,"column":15},"end":{"line":5,"column":16}},"loc":{"start":{"line":5,"column":48},"end":{"line":7,"column":1}}},"2":{"name":"(anonymous_2)","decl":{"start":{"line":9,"column":18},"end":{"line":9,"column":19}},"loc":{"start":{"line":9,"column":40},"end":{"line":11,"column":1}}},"3":{"name":"(anonymous_3)","decl":{"start":{"line":13,"column":17},"end":{"line":13,"column":18}},"loc":{"start":{"line":13,"column":51},"end":{"line":13,"column":56}}},"4":{"name":"(anonymous_4)","decl":{"start":{"line":15,"column":14},"end":{"line":15,"column":15}},"loc":{"start":{"line":15,"column":57},"end":{"line":17,"column":1}}},"5":{"name":"(anonymous_5)","decl":{"start":{"line":19,"column":17},"end":{"line":19,"column":18}},"loc":{"start":{"line":19,"column":51},"end":{"line":19,"column":56}}},"6":{"name":"(anonymous_6)","decl":{"start":{"line":21,"column":16},"end":{"line":21,"column":17}},"loc":{"start":{"line":21,"column":39},"end":{"line":28,"column":1}}}},"branchMap":{"0":{"loc":{"start":{"line":10,"column":14},"end":{"line":10,"column":44}},"type":"cond-expr","locations":[{"start":{"line":10,"column":24},"end":{"line":10,"column":25}},{"start":{"line":10,"column":28},"end":{"line":10,"column":44}}]},"1":{"loc":{"start":{"line":22,"column":2},"end":{"line":22,"column":43}},"type":"if","locations":[{"start":{"line":22,"column":2},"end":{"line":22,"column":43}}]},"2":{"loc":{"start":{"line":22,"column":6},"end":{"line":22,"column":28}},"type":"binary-expr","locations":[{"start":{"line":22,"column":6},"end":{"line":22,"column":13}},{"start":{"line":22,"column":17},"end":{"line":22,"column":28}}]},"3":{"loc":{"start":{"line":23,"column":2},"end":{"line":23,"column":43}},"type":"if","locations":[{"start":{"line":23,"column":2},"end":{"line":23,"column":43}}]},"4":{"loc":{"start":{"line":23,"column":6},"end":{"line":23,"column":28}},"type":"binary-expr","locations":[{"start":{"line":23,"column":6},"end":{"line":23,"column":13}},{"start":{"line":23,"column":17},"end":{"line":23,"column":28}}]},"5":{"loc":{"start":{"line":24,"column":2},"end":{"line":24,"column":43}},"type":"if","locations":[{"start":{"line":24,"column":2},"end":{"line":24,"column":43}}]},"6":{"loc":{"start":{"line":24,"column":6},"end":{"line":24,"column":28}},"type":"binary-expr","locations":[{"start":{"line":24,"column":6},"end":{"line":24,"column":13}},{"start":{"line":24,"column":17},"end":{"line":24,"column":28}}]},"7":{"loc":{"start":{"line":25,"column":2},"end":{"line":25,"column":43}},"type":"if","locations":[{"start":{"line":25,"column":2},"end":{"line":25,"column":43}}]},"8":{"loc":{"start":{"line":25,"column":6},"end":{"line":25,"column":28}},"type":"binary-expr","locations":[{"start":{"line":25,"column":6},"end":{"line":25,"column":13}},{"start":{"line":25,"column":17},"end":{"line":25,"column":28}}]}},"s":{"0":1,"1":1,"2":1,"3":1,"4":0,"5":1,"6":1,"7":0,"8":1,"9":1,"10":0,"11":1,"12":1,"13":0,"14":1,"15":1,"16":0,"17":1,"18":1,"19":0,"20":0,"21":0,"22":0,"23":0,"24":0,"25":0,"26":0,"27":0,"28":1},"f":{"0":1,"1":0,"2":0,"3":0,"4":0,"5":0,"6":0},"b":{"0":[0,0],"1":[0],"2":[0,0],"3":[0],"4":[0,0],"5":[0],"6":[0,0],"7":[0],"8":[0,0]}}
}
