{"C:\\Users\\Guilherme\\VSCodeProjects\\fullcycle-sonar-cloud-practice\\src\\functions.ts": {"path":"C:\\Users\\Guilherme\\VSCodeProjects\\fullcycle-sonar-cloud-practice\\src\\functions.ts","statementMap":{"0":{"start":{"line":1,"column":12},"end":{"line":3,"column":1}},"1":{"start":{"line":2,"column":2},"end":{"line":2,"column":15}},"2":{"start":{"line":34,"column":9},"end":{"line":34,"column":12}},"3":{"start":{"line":5,"column":15},"end":{"line":7,"column":1}},"4":{"start":{"line":6,"column":2},"end":{"line":6,"column":15}},"5":{"start":{"line":34,"column":14},"end":{"line":34,"column":20}},"6":{"start":{"line":9,"column":18},"end":{"line":11,"column":1}},"7":{"start":{"line":10,"column":2},"end":{"line":10,"column":46}},"8":{"start":{"line":34,"column":22},"end":{"line":34,"column":31}},"9":{"start":{"line":13,"column":16},"end":{"line":20,"column":1}},"10":{"start":{"line":14,"column":2},"end":{"line":14,"column":43}},"11":{"start":{"line":14,"column":30},"end":{"line":14,"column":43}},"12":{"start":{"line":15,"column":2},"end":{"line":15,"column":43}},"13":{"start":{"line":15,"column":30},"end":{"line":15,"column":43}},"14":{"start":{"line":16,"column":2},"end":{"line":16,"column":43}},"15":{"start":{"line":16,"column":30},"end":{"line":16,"column":43}},"16":{"start":{"line":17,"column":2},"end":{"line":17,"column":43}},"17":{"start":{"line":17,"column":30},"end":{"line":17,"column":43}},"18":{"start":{"line":19,"column":2},"end":{"line":19,"column":14}},"19":{"start":{"line":34,"column":33},"end":{"line":34,"column":40}},"20":{"start":{"line":22,"column":17},"end":{"line":24,"column":1}},"21":{"start":{"line":23,"column":2},"end":{"line":23,"column":15}},"22":{"start":{"line":34,"column":42},"end":{"line":34,"column":50}},"23":{"start":{"line":26,"column":14},"end":{"line":28,"column":1}},"24":{"start":{"line":27,"column":2},"end":{"line":27,"column":26}},"25":{"start":{"line":34,"column":52},"end":{"line":34,"column":57}},"26":{"start":{"line":30,"column":17},"end":{"line":32,"column":1}},"27":{"start":{"line":31,"column":2},"end":{"line":31,"column":15}},"28":{"start":{"line":34,"column":59},"end":{"line":34,"column":67}}},"fnMap":{"0":{"name":"(anonymous_0)","decl":{"start":{"line":1,"column":12},"end":{"line":1,"column":13}},"loc":{"start":{"line":1,"column":45},"end":{"line":3,"column":1}}},"1":{"name":"(anonymous_1)","decl":{"start":{"line":5,"column":15},"end":{"line":5,"column":16}},"loc":{"start":{"line":5,"column":48},"end":{"line":7,"column":1}}},"2":{"name":"(anonymous_2)","decl":{"start":{"line":9,"column":18},"end":{"line":9,"column":19}},"loc":{"start":{"line":9,"column":40},"end":{"line":11,"column":1}}},"3":{"name":"(anonymous_3)","decl":{"start":{"line":13,"column":16},"end":{"line":13,"column":17}},"loc":{"start":{"line":13,"column":39},"end":{"line":20,"column":1}}},"4":{"name":"(anonymous_4)","decl":{"start":{"line":22,"column":17},"end":{"line":22,"column":18}},"loc":{"start":{"line":22,"column":50},"end":{"line":24,"column":1}}},"5":{"name":"(anonymous_5)","decl":{"start":{"line":26,"column":14},"end":{"line":26,"column":15}},"loc":{"start":{"line":26,"column":57},"end":{"line":28,"column":1}}},"6":{"name":"(anonymous_6)","decl":{"start":{"line":30,"column":17},"end":{"line":30,"column":18}},"loc":{"start":{"line":30,"column":50},"end":{"line":32,"column":1}}}},"branchMap":{"0":{"loc":{"start":{"line":10,"column":14},"end":{"line":10,"column":44}},"type":"cond-expr","locations":[{"start":{"line":10,"column":24},"end":{"line":10,"column":25}},{"start":{"line":10,"column":28},"end":{"line":10,"column":44}}]},"1":{"loc":{"start":{"line":14,"column":2},"end":{"line":14,"column":43}},"type":"if","locations":[{"start":{"line":14,"column":2},"end":{"line":14,"column":43}}]},"2":{"loc":{"start":{"line":14,"column":6},"end":{"line":14,"column":28}},"type":"binary-expr","locations":[{"start":{"line":14,"column":6},"end":{"line":14,"column":13}},{"start":{"line":14,"column":17},"end":{"line":14,"column":28}}]},"3":{"loc":{"start":{"line":15,"column":2},"end":{"line":15,"column":43}},"type":"if","locations":[{"start":{"line":15,"column":2},"end":{"line":15,"column":43}}]},"4":{"loc":{"start":{"line":15,"column":6},"end":{"line":15,"column":28}},"type":"binary-expr","locations":[{"start":{"line":15,"column":6},"end":{"line":15,"column":13}},{"start":{"line":15,"column":17},"end":{"line":15,"column":28}}]},"5":{"loc":{"start":{"line":16,"column":2},"end":{"line":16,"column":43}},"type":"if","locations":[{"start":{"line":16,"column":2},"end":{"line":16,"column":43}}]},"6":{"loc":{"start":{"line":16,"column":6},"end":{"line":16,"column":28}},"type":"binary-expr","locations":[{"start":{"line":16,"column":6},"end":{"line":16,"column":13}},{"start":{"line":16,"column":17},"end":{"line":16,"column":28}}]},"7":{"loc":{"start":{"line":17,"column":2},"end":{"line":17,"column":43}},"type":"if","locations":[{"start":{"line":17,"column":2},"end":{"line":17,"column":43}}]},"8":{"loc":{"start":{"line":17,"column":6},"end":{"line":17,"column":28}},"type":"binary-expr","locations":[{"start":{"line":17,"column":6},"end":{"line":17,"column":13}},{"start":{"line":17,"column":17},"end":{"line":17,"column":28}}]}},"s":{"0":1,"1":1,"2":1,"3":1,"4":1,"5":1,"6":1,"7":12,"8":1,"9":1,"10":417,"11":1,"12":416,"13":1,"14":415,"15":1,"16":414,"17":1,"18":413,"19":1,"20":1,"21":0,"22":1,"23":1,"24":0,"25":1,"26":1,"27":0,"28":1},"f":{"0":1,"1":1,"2":12,"3":417,"4":0,"5":0,"6":0},"b":{"0":[1,11],"1":[1],"2":[417,416],"3":[1],"4":[416,415],"5":[1],"6":[415,414],"7":[1],"8":[414,413]}}
,"C:\\Users\\Guilherme\\VSCodeProjects\\fullcycle-sonar-cloud-practice\\src\\utils.ts": {"path":"C:\\Users\\Guilherme\\VSCodeProjects\\fullcycle-sonar-cloud-practice\\src\\utils.ts","statementMap":{"0":{"start":{"line":1,"column":13},"end":{"line":39,"column":2}}},"fnMap":{},"branchMap":{},"s":{"0":1},"f":{},"b":{}}
}
